Сборка начата 10.02.2024 23:09:46.
Уровень детализации журнала: Normal.     1>Проект "C:\лабы\Наркевич\КПО\lab_01\ConsoleApplication1\ConsoleApplication1.vcxproj" в узле 2 (целевые объекты Build).
     1>InitializeBuildStatus:
         Создание "Debug\lab_01.tlog\unsuccessfulbuild", так как было задано "AlwaysCreate".
         Обращение к "Debug\lab_01.tlog\unsuccessfulbuild".
       ClCompile:
         Для всех выходных данных обновления не требуется.
         C:\Program Files\Microsoft Visual Studio\2022\Community\VC\Tools\MSVC\14.37.32822\bin\HostX86\x86\CL.exe /c /ZI /JMC /nologo /W3 /WX- /diagnostics:column /sdl /Od /Oy- /D WIN32 /D _DEBUG /D _CONSOLE /D _UNICODE /D UNICODE /Gm- /EHsc /RTC1 /MDd /GS /fp:precise /Zc:wchar_t /Zc:forScope /Zc:inline /permissive- /Yu"stdafx.h" /Fp"Debug\lab_01.pch" /FAcs /Fa"Debug\\" /Fo"Debug\\" /Fd"Debug\vc143.pdb" /external:W3 /Gd /TP /analyze- /FC /errorReport:prompt datenumber.cpp leapyear.cpp
         datenumber.cpp
         leapyear.cpp
         Создание кода...
       Link:
         C:\Program Files\Microsoft Visual Studio\2022\Community\VC\Tools\MSVC\14.37.32822\bin\HostX86\x86\link.exe /ERRORREPORT:PROMPT /OUT:"C:\лабы\Наркевич\КПО\lab_01\ConsoleApplication1\Debug\lab_01.exe" /INCREMENTAL /ILK:"Debug\lab_01.ilk" /NOLOGO kernel32.lib user32.lib gdi32.lib winspool.lib comdlg32.lib advapi32.lib shell32.lib ole32.lib oleaut32.lib uuid.lib odbc32.lib odbccp32.lib /MANIFEST /MANIFESTUAC:"level='asInvoker' uiAccess='false'" /manifest:embed /DEBUG /PDB:"C:\лабы\Наркевич\КПО\lab_01\ConsoleApplication1\Debug\lab_01.pdb" /SUBSYSTEM:CONSOLE /TLBID:1 /DYNAMICBASE /NXCOMPAT /IMPLIB:"C:\лабы\Наркевич\КПО\lab_01\ConsoleApplication1\Debug\lab_01.lib" /MACHINE:X86 Debug\datenumber.obj
         Debug\leapyear.obj
         Debug\main.obj
         Debug\stdafx.obj
         ConsoleApplication1.vcxproj -> C:\лабы\Наркевич\КПО\lab_01\ConsoleApplication1\Debug\lab_01.exe
       FinalizeBuildStatus:
         Файл "Debug\lab_01.tlog\unsuccessfulbuild" удаляется.
         Обращение к "Debug\lab_01.tlog\lab_01.lastbuildstate".
     1>Сборка проекта "C:\лабы\Наркевич\КПО\lab_01\ConsoleApplication1\ConsoleApplication1.vcxproj" завершена (целевые объекты Build).

Сборка успешно завершена.
    Предупреждений: 0
    Ошибок: 0

Прошло времени 00:00:00.69
