Сборка начата 16.04.2024 16:44:47.
Уровень детализации журнала: Normal.     1>Проект "C:\лабы\Наркевич\КПО\lab_09\SE_Lab09\SE_Lab09\SE_Lab09.vcxproj" в узле 2 (целевые объекты Build).
     1>InitializeBuildStatus:
         Создание "Debug\SE_Lab09.tlog\unsuccessfulbuild", так как было задано "AlwaysCreate".
         Обращение к "Debug\SE_Lab09.tlog\unsuccessfulbuild".
       ClCompile:
         C:\Program Files\Microsoft Visual Studio\2022\Community\VC\Tools\MSVC\14.37.32822\bin\HostX86\x86\CL.exe /c /ZI /JMC /nologo /W3 /WX- /diagnostics:column /sdl /Od /Oy- /D WIN32 /D _DEBUG /D _CONSOLE /D _UNICODE /D UNICODE /Gm- /EHsc /RTC1 /MDd /GS /fp:precise /Zc:wchar_t /Zc:forScope /Zc:inline /permissive- /Fo"Debug\\" /Fd"Debug\vc143.pdb" /external:W3 /Gd /TP /analyze- /FC /errorReport:prompt Varparm.cpp
         Varparm.cpp
     1>C:\лабы\Наркевич\КПО\lab_09\SE_Lab09\SE_Lab09\Varparm.h(45,12): warning C4244: =: преобразование "double" в "float", возможна потеря данных
     1>C:\лабы\Наркевич\КПО\lab_09\SE_Lab09\SE_Lab09\Varparm.cpp(18,32): warning C4305: аргумент: усечение из "double" в "float"
     1>C:\лабы\Наркевич\КПО\lab_09\SE_Lab09\SE_Lab09\Varparm.cpp(19,32): warning C4305: аргумент: усечение из "double" в "float"
     1>C:\лабы\Наркевич\КПО\lab_09\SE_Lab09\SE_Lab09\Varparm.cpp(20,32): warning C4305: аргумент: усечение из "double" в "float"
       Link:
         C:\Program Files\Microsoft Visual Studio\2022\Community\VC\Tools\MSVC\14.37.32822\bin\HostX86\x86\link.exe /ERRORREPORT:PROMPT /OUT:"C:\лабы\Наркевич\КПО\lab_09\SE_Lab09\Debug\SE_Lab09.exe" /INCREMENTAL /ILK:"Debug\SE_Lab09.ilk" /NOLOGO kernel32.lib user32.lib gdi32.lib winspool.lib comdlg32.lib advapi32.lib shell32.lib ole32.lib oleaut32.lib uuid.lib odbc32.lib odbccp32.lib /MANIFEST /MANIFESTUAC:"level='asInvoker' uiAccess='false'" /manifest:embed /DEBUG /PDB:"C:\лабы\Наркевич\КПО\lab_09\SE_Lab09\Debug\SE_Lab09.pdb" /SUBSYSTEM:CONSOLE /TLBID:1 /DYNAMICBASE /NXCOMPAT /IMPLIB:"C:\лабы\Наркевич\КПО\lab_09\SE_Lab09\Debug\SE_Lab09.lib" /MACHINE:X86 Debug\Varparm.obj
         SE_Lab09.vcxproj -> C:\лабы\Наркевич\КПО\lab_09\SE_Lab09\Debug\SE_Lab09.exe
       FinalizeBuildStatus:
         Файл "Debug\SE_Lab09.tlog\unsuccessfulbuild" удаляется.
         Обращение к "Debug\SE_Lab09.tlog\SE_Lab09.lastbuildstate".
     1>Сборка проекта "C:\лабы\Наркевич\КПО\lab_09\SE_Lab09\SE_Lab09\SE_Lab09.vcxproj" завершена (целевые объекты Build).

Сборка успешно завершена.

       "C:\лабы\Наркевич\КПО\lab_09\SE_Lab09\SE_Lab09\SE_Lab09.vcxproj" (целевой объект Build ) (1) ->
       (Целевой объект ClCompile) -> 
         C:\лабы\Наркевич\КПО\lab_09\SE_Lab09\SE_Lab09\Varparm.h(45,12): warning C4244: =: преобразование "double" в "float", возможна потеря данных
         C:\лабы\Наркевич\КПО\lab_09\SE_Lab09\SE_Lab09\Varparm.cpp(18,32): warning C4305: аргумент: усечение из "double" в "float"
         C:\лабы\Наркевич\КПО\lab_09\SE_Lab09\SE_Lab09\Varparm.cpp(19,32): warning C4305: аргумент: усечение из "double" в "float"
         C:\лабы\Наркевич\КПО\lab_09\SE_Lab09\SE_Lab09\Varparm.cpp(20,32): warning C4305: аргумент: усечение из "double" в "float"

    Предупреждений: 4
    Ошибок: 0

Прошло времени 00:00:02.38
