Сборка начата 24.03.2024 19:07:18.
Уровень детализации журнала: Normal.     1>Проект "C:\лабы\Наркевич\КПО\lab_06\SE_Lab06S\SE_Lab06\SE_Lab06.vcxproj" в узле 2 (целевые объекты Rebuild).
     1>_PrepareForClean:
         Файл "x64\Debug\SE_Lab06.tlog\SE_Lab06.lastbuildstate" удаляется.
       InitializeBuildStatus:
         Обращение к "x64\Debug\SE_Lab06.tlog\unsuccessfulbuild".
       ClCompile:
         C:\Program Files\Microsoft Visual Studio\2022\Community\VC\Tools\MSVC\14.37.32822\bin\HostX64\x64\CL.exe /c /ZI /JMC /nologo /W3 /WX- /diagnostics:column /sdl /Od /D _DEBUG /D _CONSOLE /D _UNICODE /D UNICODE /Gm- /EHsc /RTC1 /MDd /GS /fp:precise /Zc:wchar_t /Zc:forScope /Zc:inline /permissive- /Fo"x64\Debug\\" /Fd"x64\Debug\vc143.pdb" /external:W3 /Gd /TP /FC /errorReport:prompt SE_Lab06.cpp
         SE_Lab06.cpp
       Link:
         C:\Program Files\Microsoft Visual Studio\2022\Community\VC\Tools\MSVC\14.37.32822\bin\HostX64\x64\link.exe /ERRORREPORT:PROMPT /OUT:"C:\лабы\Наркевич\КПО\lab_06\SE_Lab06S\x64\Debug\SE_Lab06.exe" /INCREMENTAL /ILK:"x64\Debug\SE_Lab06.ilk" /NOLOGO kernel32.lib user32.lib gdi32.lib winspool.lib comdlg32.lib advapi32.lib shell32.lib ole32.lib oleaut32.lib uuid.lib odbc32.lib odbccp32.lib /MANIFEST /MANIFESTUAC:"level='asInvoker' uiAccess='false'" /manifest:embed /DEBUG /PDB:"C:\лабы\Наркевич\КПО\lab_06\SE_Lab06S\x64\Debug\SE_Lab06.pdb" /SUBSYSTEM:CONSOLE /TLBID:1 /DYNAMICBASE /NXCOMPAT /IMPLIB:"C:\лабы\Наркевич\КПО\lab_06\SE_Lab06S\x64\Debug\SE_Lab06.lib" /MACHINE:X64 x64\Debug\SE_Lab06.obj
     1>MSVCRTD.lib(exe_main.obj) : error LNK2019: ссылка на неразрешенный внешний символ main в функции "int __cdecl invoke_main(void)" (?invoke_main@@YAHXZ).
     1>C:\лабы\Наркевич\КПО\lab_06\SE_Lab06S\x64\Debug\SE_Lab06.exe : fatal error LNK1120: неразрешенных внешних элементов: 1
     1>Сборка проекта "C:\лабы\Наркевич\КПО\lab_06\SE_Lab06S\SE_Lab06\SE_Lab06.vcxproj" завершена (целевые объекты Rebuild) с ошибкой.

Ошибка сборки.

       "C:\лабы\Наркевич\КПО\lab_06\SE_Lab06S\SE_Lab06\SE_Lab06.vcxproj" (целевой объект Rebuild ) (1) ->
       (Целевой объект Link) -> 
         MSVCRTD.lib(exe_main.obj) : error LNK2019: ссылка на неразрешенный внешний символ main в функции "int __cdecl invoke_main(void)" (?invoke_main@@YAHXZ).
         C:\лабы\Наркевич\КПО\lab_06\SE_Lab06S\x64\Debug\SE_Lab06.exe : fatal error LNK1120: неразрешенных внешних элементов: 1

    Предупреждений: 0
    Ошибок: 2

Прошло времени 00:00:00.30
