c:\лабы\наркевич\кпо\lab_06\se_lab06s\se_lab06\x64\debug\vc143.pdb
c:\лабы\наркевич\кпо\lab_06\se_lab06s\se_lab06\x64\debug\vc143.idb
c:\лабы\наркевич\кпо\lab_06\se_lab06s\se_lab06\x64\debug\se_lab06.obj
c:\лабы\наркевич\кпо\lab_06\se_lab06s\x64\debug\se_lab06.pdb
c:\лабы\наркевич\кпо\lab_06\se_lab06s\se_lab06\x64\debug\se_lab06.tlog\cl.command.1.tlog
c:\лабы\наркевич\кпо\lab_06\se_lab06s\se_lab06\x64\debug\se_lab06.tlog\cl.items.tlog
c:\лабы\наркевич\кпо\lab_06\se_lab06s\se_lab06\x64\debug\se_lab06.tlog\cl.read.1.tlog
c:\лабы\наркевич\кпо\lab_06\se_lab06s\se_lab06\x64\debug\se_lab06.tlog\cl.write.1.tlog
c:\лабы\наркевич\кпо\lab_06\se_lab06s\se_lab06\x64\debug\se_lab06.tlog\link-cvtres.read.1.tlog
c:\лабы\наркевич\кпо\lab_06\se_lab06s\se_lab06\x64\debug\se_lab06.tlog\link-cvtres.write.1.tlog
c:\лабы\наркевич\кпо\lab_06\se_lab06s\se_lab06\x64\debug\se_lab06.tlog\link-rc.read.1.tlog
c:\лабы\наркевич\кпо\lab_06\se_lab06s\se_lab06\x64\debug\se_lab06.tlog\link-rc.write.1.tlog
c:\лабы\наркевич\кпо\lab_06\se_lab06s\se_lab06\x64\debug\se_lab06.tlog\link.2420-cvtres.read.1.tlog
c:\лабы\наркевич\кпо\lab_06\se_lab06s\se_lab06\x64\debug\se_lab06.tlog\link.2420-cvtres.write.1.tlog
c:\лабы\наркевич\кпо\lab_06\se_lab06s\se_lab06\x64\debug\se_lab06.tlog\link.2420-rc.read.1.tlog
c:\лабы\наркевич\кпо\lab_06\se_lab06s\se_lab06\x64\debug\se_lab06.tlog\link.2420-rc.write.1.tlog
c:\лабы\наркевич\кпо\lab_06\se_lab06s\se_lab06\x64\debug\se_lab06.tlog\link.2420.read.1.tlog
c:\лабы\наркевич\кпо\lab_06\se_lab06s\se_lab06\x64\debug\se_lab06.tlog\link.2420.read.2.tlog
c:\лабы\наркевич\кпо\lab_06\se_lab06s\se_lab06\x64\debug\se_lab06.tlog\link.2420.read.3.tlog
c:\лабы\наркевич\кпо\lab_06\se_lab06s\se_lab06\x64\debug\se_lab06.tlog\link.2420.read.4.tlog
c:\лабы\наркевич\кпо\lab_06\se_lab06s\se_lab06\x64\debug\se_lab06.tlog\link.2420.write.1.tlog
c:\лабы\наркевич\кпо\lab_06\se_lab06s\se_lab06\x64\debug\se_lab06.tlog\link.command.1.tlog
c:\лабы\наркевич\кпо\lab_06\se_lab06s\se_lab06\x64\debug\se_lab06.tlog\link.read.1.tlog
c:\лабы\наркевич\кпо\lab_06\se_lab06s\se_lab06\x64\debug\se_lab06.tlog\link.read.2.tlog
c:\лабы\наркевич\кпо\lab_06\se_lab06s\se_lab06\x64\debug\se_lab06.tlog\link.read.3.tlog
c:\лабы\наркевич\кпо\lab_06\se_lab06s\se_lab06\x64\debug\se_lab06.tlog\link.read.4.tlog
c:\лабы\наркевич\кпо\lab_06\se_lab06s\se_lab06\x64\debug\se_lab06.tlog\link.write.1.tlog
