Сборка начата 20.02.2024 17:02:37.
Уровень детализации журнала: Normal.     1>Проект "C:\лабы\Наркевич\КПО\lab_02\SE_Lab02\SE_Lab02.vcxproj" в узле 2 (целевые объекты Build).
     1>InitializeBuildStatus:
         Создание "Debug\SE_Lab02.tlog\unsuccessfulbuild", так как было задано "AlwaysCreate".
         Обращение к "Debug\SE_Lab02.tlog\unsuccessfulbuild".
       ClCompile:
         C:\Program Files\Microsoft Visual Studio\2022\Community\VC\Tools\MSVC\14.37.32822\bin\HostX86\x86\CL.exe /c /ZI /JMC /nologo /W3 /WX- /diagnostics:column /sdl /Od /Oy- /D WIN32 /D _DEBUG /D _CONSOLE /D _UNICODE /D UNICODE /Gm- /EHsc /RTC1 /MDd /GS /fp:precise /fp:except /Zc:wchar_t /Zc:forScope /Zc:inline /permissive- /Fo"Debug\\" /Fd"Debug\vc143.pdb" /external:W3 /Gd /TP /analyze- /FC /errorReport:prompt main.cpp
         main.cpp
     1>C:\лабы\Наркевич\КПО\lab_02\SE_Lab02\main.cpp(17,10): warning C4244: инициализация: преобразование "double" в "float", возможна потеря данных
     1>C:\лабы\Наркевич\КПО\lab_02\SE_Lab02\main.cpp(32,11): warning C4305: инициализация: усечение из "int" в "short"
     1>C:\лабы\Наркевич\КПО\lab_02\SE_Lab02\main.cpp(32,13): warning C4309: инициализация: усечение константного значения
     1>C:\лабы\Наркевич\КПО\lab_02\SE_Lab02\main.cpp(41,19): warning C4309: инициализация: усечение константного значения
     1>C:\лабы\Наркевич\КПО\lab_02\SE_Lab02\main.cpp(50,15): warning C4309: инициализация: усечение константного значения
     1>C:\лабы\Наркевич\КПО\lab_02\SE_Lab02\main.cpp(60,12): warning C4244: инициализация: преобразование "double" в "float", возможна потеря данных
     1>C:\лабы\Наркевич\КПО\lab_02\SE_Lab02\main.cpp(66,14): warning C4305: инициализация: усечение из "double" в "float"
     1>C:\лабы\Наркевич\КПО\lab_02\SE_Lab02\main.cpp(58): warning C4723: возможное деление на 0
     1>C:\лабы\Наркевич\КПО\lab_02\SE_Lab02\main.cpp(59): warning C4723: возможное деление на 0
       Link:
         C:\Program Files\Microsoft Visual Studio\2022\Community\VC\Tools\MSVC\14.37.32822\bin\HostX86\x86\link.exe /ERRORREPORT:PROMPT /OUT:"C:\лабы\Наркевич\КПО\lab_02\SE_Lab02\Debug\SE_Lab02.exe" /INCREMENTAL /ILK:"Debug\SE_Lab02.ilk" /NOLOGO kernel32.lib user32.lib gdi32.lib winspool.lib comdlg32.lib advapi32.lib shell32.lib ole32.lib oleaut32.lib uuid.lib odbc32.lib odbccp32.lib /MANIFEST /MANIFESTUAC:"level='asInvoker' uiAccess='false'" /manifest:embed /DEBUG /PDB:"C:\лабы\Наркевич\КПО\lab_02\SE_Lab02\Debug\SE_Lab02.pdb" /SUBSYSTEM:CONSOLE /TLBID:1 /DYNAMICBASE /NXCOMPAT /IMPLIB:"C:\лабы\Наркевич\КПО\lab_02\SE_Lab02\Debug\SE_Lab02.lib" /MACHINE:X86 Debug\main.obj
         SE_Lab02.vcxproj -> C:\лабы\Наркевич\КПО\lab_02\SE_Lab02\Debug\SE_Lab02.exe
       FinalizeBuildStatus:
         Файл "Debug\SE_Lab02.tlog\unsuccessfulbuild" удаляется.
         Обращение к "Debug\SE_Lab02.tlog\SE_Lab02.lastbuildstate".
     1>Сборка проекта "C:\лабы\Наркевич\КПО\lab_02\SE_Lab02\SE_Lab02.vcxproj" завершена (целевые объекты Build).

Сборка успешно завершена.

       "C:\лабы\Наркевич\КПО\lab_02\SE_Lab02\SE_Lab02.vcxproj" (целевой объект Build ) (1) ->
       (Целевой объект ClCompile) -> 
         C:\лабы\Наркевич\КПО\lab_02\SE_Lab02\main.cpp(17,10): warning C4244: инициализация: преобразование "double" в "float", возможна потеря данных
         C:\лабы\Наркевич\КПО\lab_02\SE_Lab02\main.cpp(32,11): warning C4305: инициализация: усечение из "int" в "short"
         C:\лабы\Наркевич\КПО\lab_02\SE_Lab02\main.cpp(32,13): warning C4309: инициализация: усечение константного значения
         C:\лабы\Наркевич\КПО\lab_02\SE_Lab02\main.cpp(41,19): warning C4309: инициализация: усечение константного значения
         C:\лабы\Наркевич\КПО\lab_02\SE_Lab02\main.cpp(50,15): warning C4309: инициализация: усечение константного значения
         C:\лабы\Наркевич\КПО\lab_02\SE_Lab02\main.cpp(60,12): warning C4244: инициализация: преобразование "double" в "float", возможна потеря данных
         C:\лабы\Наркевич\КПО\lab_02\SE_Lab02\main.cpp(66,14): warning C4305: инициализация: усечение из "double" в "float"
         C:\лабы\Наркевич\КПО\lab_02\SE_Lab02\main.cpp(58): warning C4723: возможное деление на 0
         C:\лабы\Наркевич\КПО\lab_02\SE_Lab02\main.cpp(59): warning C4723: возможное деление на 0

    Предупреждений: 9
    Ошибок: 0

Прошло времени 00:00:03.03
