Сборка начата 16.04.2024 17:43:03.
Уровень детализации журнала: Normal.     1>Проект "C:\лабы\Наркевич\КПО\lab_10\SE_Lab10\osn\osn.vcxproj" в узле 2 (целевые объекты Build).
     1>InitializeBuildStatus:
         Создание "x64\Debug\osn.tlog\unsuccessfulbuild", так как было задано "AlwaysCreate".
         Обращение к "x64\Debug\osn.tlog\unsuccessfulbuild".
       ClCompile:
         C:\Program Files\Microsoft Visual Studio\2022\Community\VC\Tools\MSVC\14.37.32822\bin\HostX64\x64\CL.exe /c /ZI /JMC /nologo /W3 /WX- /diagnostics:column /sdl /Od /D _DEBUG /D _CONSOLE /D _UNICODE /D UNICODE /Gm- /EHsc /RTC1 /MDd /GS /fp:precise /Zc:wchar_t /Zc:forScope /Zc:inline /permissive- /Fo"x64\Debug\\" /Fd"x64\Debug\vc143.pdb" /external:W3 /Gd /TP /FC /errorReport:prompt osn.cpp
         osn.cpp
     1>C:\лабы\Наркевич\КПО\lab_10\SE_Lab10\osn\osn.cpp(16,17): warning C4244: инициализация: преобразование "__int64" в "int", возможна потеря данных
     1>C:\лабы\Наркевич\КПО\lab_10\SE_Lab10\osn\osn.cpp(20,17): warning C4244: инициализация: преобразование "__int64" в "int", возможна потеря данных
       Link:
         C:\Program Files\Microsoft Visual Studio\2022\Community\VC\Tools\MSVC\14.37.32822\bin\HostX64\x64\link.exe /ERRORREPORT:PROMPT /OUT:"C:\лабы\Наркевич\КПО\lab_10\SE_Lab10\x64\Debug\osn.exe" /INCREMENTAL /ILK:"x64\Debug\osn.ilk" /NOLOGO kernel32.lib user32.lib gdi32.lib winspool.lib comdlg32.lib advapi32.lib shell32.lib ole32.lib oleaut32.lib uuid.lib odbc32.lib odbccp32.lib /MANIFEST /MANIFESTUAC:"level='asInvoker' uiAccess='false'" /manifest:embed /DEBUG /PDB:"C:\лабы\Наркевич\КПО\lab_10\SE_Lab10\x64\Debug\osn.pdb" /SUBSYSTEM:CONSOLE /TLBID:1 /DYNAMICBASE /NXCOMPAT /IMPLIB:"C:\лабы\Наркевич\КПО\lab_10\SE_Lab10\x64\Debug\osn.lib" /MACHINE:X64 x64\Debug\osn.obj
         osn.vcxproj -> C:\лабы\Наркевич\КПО\lab_10\SE_Lab10\x64\Debug\osn.exe
       FinalizeBuildStatus:
         Файл "x64\Debug\osn.tlog\unsuccessfulbuild" удаляется.
         Обращение к "x64\Debug\osn.tlog\osn.lastbuildstate".
     1>Сборка проекта "C:\лабы\Наркевич\КПО\lab_10\SE_Lab10\osn\osn.vcxproj" завершена (целевые объекты Build).

Сборка успешно завершена.

       "C:\лабы\Наркевич\КПО\lab_10\SE_Lab10\osn\osn.vcxproj" (целевой объект Build ) (1) ->
       (Целевой объект ClCompile) -> 
         C:\лабы\Наркевич\КПО\lab_10\SE_Lab10\osn\osn.cpp(16,17): warning C4244: инициализация: преобразование "__int64" в "int", возможна потеря данных
         C:\лабы\Наркевич\КПО\lab_10\SE_Lab10\osn\osn.cpp(20,17): warning C4244: инициализация: преобразование "__int64" в "int", возможна потеря данных

    Предупреждений: 2
    Ошибок: 0

Прошло времени 00:00:01.96
